2020-09-13 18:03:50,832 [Worker-17] INFO  o.e.m.c.i.l.LifecycleMappingFactory - Using org.eclipse.m2e.jdt.JarLifecycleMapping lifecycle mapping for MavenProject: VendingMachineDemo:VendingMachineDemo:0.0.1-SNAPSHOT @ C:\Users\admin\VendingMachineWS\VendingMachineDemo\pom.xml.
2020-09-13 18:03:58,689 [Worker-17] INFO  o.e.m.j.i.AbstractJavaProjectConfigurator - Adding source folder /VendingMachineDemo/src/main/java
2020-09-13 18:03:58,729 [Worker-17] INFO  o.e.m.j.i.AbstractJavaProjectConfigurator - Adding resource folder /VendingMachineDemo/src/main/resources
2020-09-13 18:03:58,732 [Worker-17] INFO  o.e.m.j.i.AbstractJavaProjectConfigurator - Adding source folder /VendingMachineDemo/src/test/java
2020-09-13 18:03:58,733 [Worker-17] INFO  o.e.m.j.i.AbstractJavaProjectConfigurator - Adding resource folder /VendingMachineDemo/src/test/resources
2020-09-13 18:04:03,173 [Worker-19] WARN  o.e.m.c.i.embedder.EclipseLogger - Using platform encoding (Cp1252 actually) to copy filtered resources, i.e. build is platform dependent!
2020-09-13 18:04:03,237 [Worker-19] INFO  o.e.m.c.i.embedder.EclipseLogger - Copying 0 resource
2020-09-13 18:04:03,242 [Worker-19] WARN  o.e.m.c.i.embedder.EclipseLogger - Using platform encoding (Cp1252 actually) to copy filtered resources, i.e. build is platform dependent!
2020-09-13 18:04:03,262 [Worker-19] INFO  o.e.m.c.i.embedder.EclipseLogger - Copying 0 resource
2020-09-13 18:45:22,456 [Worker-32] WARN  o.e.m.c.i.embedder.EclipseLogger - Using platform encoding (Cp1252 actually) to copy filtered resources, i.e. build is platform dependent!
2020-09-13 18:45:23,470 [Worker-32] INFO  o.e.m.c.i.embedder.EclipseLogger - Copying 0 resource
2020-09-13 18:45:23,629 [Worker-32] WARN  o.e.m.c.i.embedder.EclipseLogger - Using platform encoding (Cp1252 actually) to copy filtered resources, i.e. build is platform dependent!
2020-09-13 18:45:23,858 [Worker-32] INFO  o.e.m.c.i.embedder.EclipseLogger - Copying 0 resource
2020-09-13 18:46:11,202 [Worker-33] WARN  o.e.m.c.i.embedder.EclipseLogger - Using platform encoding (Cp1252 actually) to copy filtered resources, i.e. build is platform dependent!
2020-09-13 18:46:11,215 [Worker-33] INFO  o.e.m.c.i.embedder.EclipseLogger - Copying 0 resource
2020-09-13 18:46:11,217 [Worker-33] WARN  o.e.m.c.i.embedder.EclipseLogger - Using platform encoding (Cp1252 actually) to copy filtered resources, i.e. build is platform dependent!
2020-09-13 18:46:11,240 [Worker-33] INFO  o.e.m.c.i.embedder.EclipseLogger - Copying 0 resource
2020-09-13 18:46:14,444 [Worker-20] WARN  o.e.m.c.i.embedder.EclipseLogger - Using platform encoding (Cp1252 actually) to copy filtered resources, i.e. build is platform dependent!
2020-09-13 18:46:14,473 [Worker-20] INFO  o.e.m.c.i.embedder.EclipseLogger - Copying 0 resource
2020-09-13 18:46:14,484 [Worker-20] WARN  o.e.m.c.i.embedder.EclipseLogger - Using platform encoding (Cp1252 actually) to copy filtered resources, i.e. build is platform dependent!
2020-09-13 18:46:14,506 [Worker-20] INFO  o.e.m.c.i.embedder.EclipseLogger - Copying 0 resource
2020-09-13 18:46:46,958 [Worker-30] WARN  o.e.m.c.i.embedder.EclipseLogger - Using platform encoding (Cp1252 actually) to copy filtered resources, i.e. build is platform dependent!
2020-09-13 18:46:46,992 [Worker-30] INFO  o.e.m.c.i.embedder.EclipseLogger - Copying 0 resource
2020-09-13 18:46:47,011 [Worker-30] WARN  o.e.m.c.i.embedder.EclipseLogger - Using platform encoding (Cp1252 actually) to copy filtered resources, i.e. build is platform dependent!
2020-09-13 18:46:47,137 [Worker-30] INFO  o.e.m.c.i.embedder.EclipseLogger - Copying 0 resource
2020-09-13 18:47:00,285 [Worker-28] WARN  o.e.m.c.i.embedder.EclipseLogger - Using platform encoding (Cp1252 actually) to copy filtered resources, i.e. build is platform dependent!
2020-09-13 18:47:00,296 [Worker-28] INFO  o.e.m.c.i.embedder.EclipseLogger - Copying 0 resource
2020-09-13 18:47:00,298 [Worker-28] WARN  o.e.m.c.i.embedder.EclipseLogger - Using platform encoding (Cp1252 actually) to copy filtered resources, i.e. build is platform dependent!
2020-09-13 18:47:00,323 [Worker-28] INFO  o.e.m.c.i.embedder.EclipseLogger - Copying 0 resource
2020-09-13 18:47:33,477 [Worker-30] WARN  o.e.m.c.i.embedder.EclipseLogger - Using platform encoding (Cp1252 actually) to copy filtered resources, i.e. build is platform dependent!
2020-09-13 18:47:33,528 [Worker-30] INFO  o.e.m.c.i.embedder.EclipseLogger - Copying 0 resource
2020-09-13 18:47:33,585 [Worker-30] WARN  o.e.m.c.i.embedder.EclipseLogger - Using platform encoding (Cp1252 actually) to copy filtered resources, i.e. build is platform dependent!
2020-09-13 18:47:33,626 [Worker-30] INFO  o.e.m.c.i.embedder.EclipseLogger - Copying 0 resource
2020-09-13 18:47:48,732 [Worker-28] WARN  o.e.m.c.i.embedder.EclipseLogger - Using platform encoding (Cp1252 actually) to copy filtered resources, i.e. build is platform dependent!
2020-09-13 18:47:48,748 [Worker-28] INFO  o.e.m.c.i.embedder.EclipseLogger - Copying 0 resource
2020-09-13 18:47:48,750 [Worker-28] WARN  o.e.m.c.i.embedder.EclipseLogger - Using platform encoding (Cp1252 actually) to copy filtered resources, i.e. build is platform dependent!
2020-09-13 18:47:48,771 [Worker-28] INFO  o.e.m.c.i.embedder.EclipseLogger - Copying 0 resource
2020-09-13 18:48:24,125 [Worker-31] WARN  o.e.m.c.i.embedder.EclipseLogger - Using platform encoding (Cp1252 actually) to copy filtered resources, i.e. build is platform dependent!
2020-09-13 18:48:24,156 [Worker-31] INFO  o.e.m.c.i.embedder.EclipseLogger - Copying 0 resource
2020-09-13 18:48:24,180 [Worker-31] WARN  o.e.m.c.i.embedder.EclipseLogger - Using platform encoding (Cp1252 actually) to copy filtered resources, i.e. build is platform dependent!
2020-09-13 18:48:24,213 [Worker-31] INFO  o.e.m.c.i.embedder.EclipseLogger - Copying 0 resource
2020-09-13 18:49:58,638 [Worker-33] WARN  o.e.m.c.i.embedder.EclipseLogger - Using platform encoding (Cp1252 actually) to copy filtered resources, i.e. build is platform dependent!
2020-09-13 18:49:58,721 [Worker-33] INFO  o.e.m.c.i.embedder.EclipseLogger - Copying 0 resource
2020-09-13 18:49:58,724 [Worker-33] WARN  o.e.m.c.i.embedder.EclipseLogger - Using platform encoding (Cp1252 actually) to copy filtered resources, i.e. build is platform dependent!
2020-09-13 18:49:58,762 [Worker-33] INFO  o.e.m.c.i.embedder.EclipseLogger - Copying 0 resource
2020-09-13 18:50:41,469 [Worker-30] WARN  o.e.m.c.i.embedder.EclipseLogger - Using platform encoding (Cp1252 actually) to copy filtered resources, i.e. build is platform dependent!
2020-09-13 18:50:41,489 [Worker-30] INFO  o.e.m.c.i.embedder.EclipseLogger - Copying 0 resource
2020-09-13 18:50:41,502 [Worker-30] WARN  o.e.m.c.i.embedder.EclipseLogger - Using platform encoding (Cp1252 actually) to copy filtered resources, i.e. build is platform dependent!
2020-09-13 18:50:41,522 [Worker-30] INFO  o.e.m.c.i.embedder.EclipseLogger - Copying 0 resource
2020-09-13 18:52:20,044 [Worker-35] WARN  o.e.m.c.i.embedder.EclipseLogger - Using platform encoding (Cp1252 actually) to copy filtered resources, i.e. build is platform dependent!
2020-09-13 18:52:20,061 [Worker-35] INFO  o.e.m.c.i.embedder.EclipseLogger - Copying 0 resource
2020-09-13 18:52:20,064 [Worker-35] WARN  o.e.m.c.i.embedder.EclipseLogger - Using platform encoding (Cp1252 actually) to copy filtered resources, i.e. build is platform dependent!
2020-09-13 18:52:20,091 [Worker-35] INFO  o.e.m.c.i.embedder.EclipseLogger - Copying 0 resource
2020-09-13 18:54:26,414 [Worker-30] WARN  o.e.m.c.i.embedder.EclipseLogger - Using platform encoding (Cp1252 actually) to copy filtered resources, i.e. build is platform dependent!
2020-09-13 18:54:26,436 [Worker-30] INFO  o.e.m.c.i.embedder.EclipseLogger - Copying 0 resource
2020-09-13 18:54:26,447 [Worker-30] WARN  o.e.m.c.i.embedder.EclipseLogger - Using platform encoding (Cp1252 actually) to copy filtered resources, i.e. build is platform dependent!
2020-09-13 18:54:26,471 [Worker-30] INFO  o.e.m.c.i.embedder.EclipseLogger - Copying 0 resource
2020-09-13 18:54:59,354 [Worker-32] WARN  o.e.m.c.i.embedder.EclipseLogger - Using platform encoding (Cp1252 actually) to copy filtered resources, i.e. build is platform dependent!
2020-09-13 18:54:59,367 [Worker-32] INFO  o.e.m.c.i.embedder.EclipseLogger - Copying 0 resource
2020-09-13 18:54:59,368 [Worker-32] WARN  o.e.m.c.i.embedder.EclipseLogger - Using platform encoding (Cp1252 actually) to copy filtered resources, i.e. build is platform dependent!
2020-09-13 18:54:59,388 [Worker-32] INFO  o.e.m.c.i.embedder.EclipseLogger - Copying 0 resource
2020-09-13 20:46:19,198 [Worker-66] WARN  o.e.m.c.i.embedder.EclipseLogger - Using platform encoding (Cp1252 actually) to copy filtered resources, i.e. build is platform dependent!
2020-09-13 20:46:19,220 [Worker-66] INFO  o.e.m.c.i.embedder.EclipseLogger - Copying 0 resource
2020-09-13 20:46:19,231 [Worker-66] WARN  o.e.m.c.i.embedder.EclipseLogger - Using platform encoding (Cp1252 actually) to copy filtered resources, i.e. build is platform dependent!
2020-09-13 20:46:19,252 [Worker-66] INFO  o.e.m.c.i.embedder.EclipseLogger - Copying 0 resource
2020-09-13 20:47:37,309 [Worker-59] WARN  o.e.m.c.i.embedder.EclipseLogger - Using platform encoding (Cp1252 actually) to copy filtered resources, i.e. build is platform dependent!
2020-09-13 20:47:37,332 [Worker-59] INFO  o.e.m.c.i.embedder.EclipseLogger - Copying 0 resource
2020-09-13 20:47:37,335 [Worker-59] WARN  o.e.m.c.i.embedder.EclipseLogger - Using platform encoding (Cp1252 actually) to copy filtered resources, i.e. build is platform dependent!
2020-09-13 20:47:37,374 [Worker-59] INFO  o.e.m.c.i.embedder.EclipseLogger - Copying 0 resource
2020-09-13 20:48:33,467 [Worker-60] WARN  o.e.m.c.i.embedder.EclipseLogger - Using platform encoding (Cp1252 actually) to copy filtered resources, i.e. build is platform dependent!
2020-09-13 20:48:33,506 [Worker-60] INFO  o.e.m.c.i.embedder.EclipseLogger - Copying 0 resource
2020-09-13 20:48:33,523 [Worker-60] WARN  o.e.m.c.i.embedder.EclipseLogger - Using platform encoding (Cp1252 actually) to copy filtered resources, i.e. build is platform dependent!
2020-09-13 20:48:33,552 [Worker-60] INFO  o.e.m.c.i.embedder.EclipseLogger - Copying 0 resource
2020-09-13 20:48:35,821 [Worker-66] WARN  o.e.m.c.i.embedder.EclipseLogger - Using platform encoding (Cp1252 actually) to copy filtered resources, i.e. build is platform dependent!
2020-09-13 20:48:35,836 [Worker-66] INFO  o.e.m.c.i.embedder.EclipseLogger - Copying 0 resource
2020-09-13 20:48:35,840 [Worker-66] WARN  o.e.m.c.i.embedder.EclipseLogger - Using platform encoding (Cp1252 actually) to copy filtered resources, i.e. build is platform dependent!
2020-09-13 20:48:35,859 [Worker-66] INFO  o.e.m.c.i.embedder.EclipseLogger - Copying 0 resource
2020-09-13 20:49:52,920 [Worker-68] WARN  o.e.m.c.i.embedder.EclipseLogger - Using platform encoding (Cp1252 actually) to copy filtered resources, i.e. build is platform dependent!
2020-09-13 20:49:52,940 [Worker-68] INFO  o.e.m.c.i.embedder.EclipseLogger - Copying 0 resource
2020-09-13 20:49:52,954 [Worker-68] WARN  o.e.m.c.i.embedder.EclipseLogger - Using platform encoding (Cp1252 actually) to copy filtered resources, i.e. build is platform dependent!
2020-09-13 20:49:52,972 [Worker-68] INFO  o.e.m.c.i.embedder.EclipseLogger - Copying 0 resource
2020-09-13 20:51:30,359 [Worker-60] WARN  o.e.m.c.i.embedder.EclipseLogger - Using platform encoding (Cp1252 actually) to copy filtered resources, i.e. build is platform dependent!
2020-09-13 20:51:30,378 [Worker-60] INFO  o.e.m.c.i.embedder.EclipseLogger - Copying 0 resource
2020-09-13 20:51:30,381 [Worker-60] WARN  o.e.m.c.i.embedder.EclipseLogger - Using platform encoding (Cp1252 actually) to copy filtered resources, i.e. build is platform dependent!
2020-09-13 20:51:30,402 [Worker-60] INFO  o.e.m.c.i.embedder.EclipseLogger - Copying 0 resource
2020-09-13 23:12:37,348 [Worker-88] WARN  o.e.m.c.i.embedder.EclipseLogger - Using platform encoding (Cp1252 actually) to copy filtered resources, i.e. build is platform dependent!
2020-09-13 23:12:37,379 [Worker-88] INFO  o.e.m.c.i.embedder.EclipseLogger - Copying 0 resource
2020-09-13 23:12:37,392 [Worker-88] WARN  o.e.m.c.i.embedder.EclipseLogger - Using platform encoding (Cp1252 actually) to copy filtered resources, i.e. build is platform dependent!
2020-09-13 23:12:37,414 [Worker-88] INFO  o.e.m.c.i.embedder.EclipseLogger - Copying 0 resource
2020-09-13 23:14:54,101 [Worker-94] WARN  o.e.m.c.i.embedder.EclipseLogger - Using platform encoding (Cp1252 actually) to copy filtered resources, i.e. build is platform dependent!
2020-09-13 23:14:54,130 [Worker-94] INFO  o.e.m.c.i.embedder.EclipseLogger - Copying 0 resource
2020-09-13 23:14:54,131 [Worker-94] WARN  o.e.m.c.i.embedder.EclipseLogger - Using platform encoding (Cp1252 actually) to copy filtered resources, i.e. build is platform dependent!
2020-09-13 23:14:54,154 [Worker-94] INFO  o.e.m.c.i.embedder.EclipseLogger - Copying 0 resource
2020-09-13 23:15:10,734 [Worker-95] WARN  o.e.m.c.i.embedder.EclipseLogger - Using platform encoding (Cp1252 actually) to copy filtered resources, i.e. build is platform dependent!
2020-09-13 23:15:10,769 [Worker-95] INFO  o.e.m.c.i.embedder.EclipseLogger - Copying 0 resource
2020-09-13 23:15:10,785 [Worker-95] WARN  o.e.m.c.i.embedder.EclipseLogger - Using platform encoding (Cp1252 actually) to copy filtered resources, i.e. build is platform dependent!
2020-09-13 23:15:10,811 [Worker-95] INFO  o.e.m.c.i.embedder.EclipseLogger - Copying 0 resource
2020-09-13 23:17:03,377 [Worker-94] WARN  o.e.m.c.i.embedder.EclipseLogger - Using platform encoding (Cp1252 actually) to copy filtered resources, i.e. build is platform dependent!
2020-09-13 23:17:03,389 [Worker-94] INFO  o.e.m.c.i.embedder.EclipseLogger - Copying 0 resource
2020-09-13 23:17:03,391 [Worker-94] WARN  o.e.m.c.i.embedder.EclipseLogger - Using platform encoding (Cp1252 actually) to copy filtered resources, i.e. build is platform dependent!
2020-09-13 23:17:03,412 [Worker-94] INFO  o.e.m.c.i.embedder.EclipseLogger - Copying 0 resource
2020-09-13 23:35:00,099 [Worker-103] WARN  o.e.m.c.i.embedder.EclipseLogger - Using platform encoding (Cp1252 actually) to copy filtered resources, i.e. build is platform dependent!
2020-09-13 23:35:00,121 [Worker-103] INFO  o.e.m.c.i.embedder.EclipseLogger - Copying 0 resource
2020-09-13 23:35:00,133 [Worker-103] WARN  o.e.m.c.i.embedder.EclipseLogger - Using platform encoding (Cp1252 actually) to copy filtered resources, i.e. build is platform dependent!
2020-09-13 23:35:00,153 [Worker-103] INFO  o.e.m.c.i.embedder.EclipseLogger - Copying 0 resource
2020-09-13 23:35:36,696 [Worker-109] WARN  o.e.m.c.i.embedder.EclipseLogger - Using platform encoding (Cp1252 actually) to copy filtered resources, i.e. build is platform dependent!
2020-09-13 23:35:36,713 [Worker-109] INFO  o.e.m.c.i.embedder.EclipseLogger - Copying 0 resource
2020-09-13 23:35:36,714 [Worker-109] WARN  o.e.m.c.i.embedder.EclipseLogger - Using platform encoding (Cp1252 actually) to copy filtered resources, i.e. build is platform dependent!
2020-09-13 23:35:36,743 [Worker-109] INFO  o.e.m.c.i.embedder.EclipseLogger - Copying 0 resource
2020-09-13 23:36:00,916 [Worker-104] WARN  o.e.m.c.i.embedder.EclipseLogger - Using platform encoding (Cp1252 actually) to copy filtered resources, i.e. build is platform dependent!
2020-09-13 23:36:00,939 [Worker-104] INFO  o.e.m.c.i.embedder.EclipseLogger - Copying 0 resource
2020-09-13 23:36:00,950 [Worker-104] WARN  o.e.m.c.i.embedder.EclipseLogger - Using platform encoding (Cp1252 actually) to copy filtered resources, i.e. build is platform dependent!
2020-09-13 23:36:00,969 [Worker-104] INFO  o.e.m.c.i.embedder.EclipseLogger - Copying 0 resource
2020-09-13 23:37:20,160 [Worker-109] WARN  o.e.m.c.i.embedder.EclipseLogger - Using platform encoding (Cp1252 actually) to copy filtered resources, i.e. build is platform dependent!
2020-09-13 23:37:20,189 [Worker-109] INFO  o.e.m.c.i.embedder.EclipseLogger - Copying 0 resource
2020-09-13 23:37:20,191 [Worker-109] WARN  o.e.m.c.i.embedder.EclipseLogger - Using platform encoding (Cp1252 actually) to copy filtered resources, i.e. build is platform dependent!
2020-09-13 23:37:20,222 [Worker-109] INFO  o.e.m.c.i.embedder.EclipseLogger - Copying 0 resource
2020-09-13 23:37:57,091 [Worker-106] WARN  o.e.r.models.ModelRepository - Failed to download org.eclipse.recommenders:index::zip:0.0.0
org.eclipse.aether.resolution.ArtifactResolutionException: Could not transfer artifact org.eclipse.recommenders:index:zip:0.0.0-SNAPSHOT from/to models (http://download.eclipse.org/recommenders/models/neon/): download.eclipse.org
	at org.eclipse.aether.internal.impl.DefaultArtifactResolver.resolve(DefaultArtifactResolver.java:444) ~[na:na]
	at org.eclipse.aether.internal.impl.DefaultArtifactResolver.resolveArtifacts(DefaultArtifactResolver.java:246) ~[na:na]
	at org.eclipse.aether.internal.impl.DefaultArtifactResolver.resolveArtifact(DefaultArtifactResolver.java:223) ~[na:na]
	at org.eclipse.aether.internal.impl.DefaultRepositorySystem.resolveArtifact(DefaultRepositorySystem.java:294) ~[na:na]
	at org.eclipse.recommenders.models.ModelRepository.resolveInternal(ModelRepository.java:193) [org.eclipse.recommenders.models_2.4.3.v20160913-0645.jar:na]
	at org.eclipse.recommenders.models.ModelRepository.resolve(ModelRepository.java:172) [org.eclipse.recommenders.models_2.4.3.v20160913-0645.jar:na]
	at org.eclipse.recommenders.internal.models.rcp.EclipseModelRepository.resolve(EclipseModelRepository.java:165) [org.eclipse.recommenders.models.rcp_2.4.3.v20160913-0645.jar:na]
	at org.eclipse.recommenders.internal.models.rcp.DownloadModelArchiveJob.run(DownloadModelArchiveJob.java:76) [org.eclipse.recommenders.models.rcp_2.4.3.v20160913-0645.jar:na]
	at org.eclipse.core.internal.jobs.Worker.run(Worker.java:55) [org.eclipse.core.jobs_3.8.0.v20160509-0411.jar:na]
Caused by: org.eclipse.aether.transfer.ArtifactTransferException: Could not transfer artifact org.eclipse.recommenders:index:zip:0.0.0-SNAPSHOT from/to models (http://download.eclipse.org/recommenders/models/neon/): download.eclipse.org
	at org.eclipse.aether.connector.basic.ArtifactTransportListener.transferFailed(ArtifactTransportListener.java:43) ~[org.eclipse.aether.connector.basic_1.0.1.v20141111.jar:na]
	at org.eclipse.aether.connector.basic.BasicRepositoryConnector$TaskRunner.run(BasicRepositoryConnector.java:355) ~[org.eclipse.aether.connector.basic_1.0.1.v20141111.jar:na]
	at org.eclipse.aether.util.concurrency.RunnableErrorForwarder$1.run(RunnableErrorForwarder.java:67) ~[na:na]
	at org.eclipse.aether.connector.basic.BasicRepositoryConnector$DirectExecutor.execute(BasicRepositoryConnector.java:581) ~[org.eclipse.aether.connector.basic_1.0.1.v20141111.jar:na]
	at org.eclipse.aether.connector.basic.BasicRepositoryConnector.get(BasicRepositoryConnector.java:249) ~[org.eclipse.aether.connector.basic_1.0.1.v20141111.jar:na]
	at org.eclipse.aether.internal.impl.DefaultArtifactResolver.performDownloads(DefaultArtifactResolver.java:520) ~[na:na]
	at org.eclipse.aether.internal.impl.DefaultArtifactResolver.resolve(DefaultArtifactResolver.java:421) ~[na:na]
	... 8 common frames omitted
Caused by: java.net.UnknownHostException: download.eclipse.org
	at java.net.InetAddress.getAllByName0(Unknown Source) ~[na:1.8.0_121]
	at java.net.InetAddress.getAllByName(Unknown Source) ~[na:1.8.0_121]
	at java.net.InetAddress.getAllByName(Unknown Source) ~[na:1.8.0_121]
	at org.apache.http.impl.conn.SystemDefaultDnsResolver.resolve(SystemDefaultDnsResolver.java:44) ~[na:na]
	at org.apache.http.impl.conn.DefaultClientConnectionOperator.resolveHostname(DefaultClientConnectionOperator.java:259) ~[na:na]
	at org.apache.http.impl.conn.DefaultClientConnectionOperator.openConnection(DefaultClientConnectionOperator.java:159) ~[na:na]
	at org.apache.http.impl.conn.ManagedClientConnectionImpl.open(ManagedClientConnectionImpl.java:304) ~[na:na]
	at org.apache.http.impl.client.DefaultRequestDirector.tryConnect(DefaultRequestDirector.java:611) ~[na:na]
	at org.apache.http.impl.client.DefaultRequestDirector.execute(DefaultRequestDirector.java:446) ~[na:na]
	at org.apache.http.impl.client.AbstractHttpClient.doExecute(AbstractHttpClient.java:863) ~[na:na]
	at org.apache.http.impl.client.CloseableHttpClient.execute(CloseableHttpClient.java:72) ~[na:na]
	at org.apache.http.impl.client.CloseableHttpClient.execute(CloseableHttpClient.java:57) ~[na:na]
	at org.apache.http.impl.client.DecompressingHttpClient.execute(DecompressingHttpClient.java:158) ~[na:na]
	at org.eclipse.aether.transport.http.HttpTransporter.execute(HttpTransporter.java:287) ~[org.eclipse.aether.transport.http_1.0.1.v20141111.jar:na]
	at org.eclipse.aether.transport.http.HttpTransporter.implGet(HttpTransporter.java:243) ~[org.eclipse.aether.transport.http_1.0.1.v20141111.jar:na]
	at org.eclipse.aether.spi.connector.transport.AbstractTransporter.get(AbstractTransporter.java:59) ~[org.eclipse.aether.spi_1.0.1.v20141111.jar:na]
	at org.eclipse.aether.connector.basic.BasicRepositoryConnector$GetTaskRunner.runTask(BasicRepositoryConnector.java:447) ~[org.eclipse.aether.connector.basic_1.0.1.v20141111.jar:na]
	at org.eclipse.aether.connector.basic.BasicRepositoryConnector$TaskRunner.run(BasicRepositoryConnector.java:350) ~[org.eclipse.aether.connector.basic_1.0.1.v20141111.jar:na]
	... 13 common frames omitted
2020-09-13 23:38:20,418 [Worker-107] WARN  o.e.m.c.i.embedder.EclipseLogger - Using platform encoding (Cp1252 actually) to copy filtered resources, i.e. build is platform dependent!
2020-09-13 23:38:20,454 [Worker-107] INFO  o.e.m.c.i.embedder.EclipseLogger - Copying 0 resource
2020-09-13 23:38:20,470 [Worker-107] WARN  o.e.m.c.i.embedder.EclipseLogger - Using platform encoding (Cp1252 actually) to copy filtered resources, i.e. build is platform dependent!
2020-09-13 23:38:20,483 [Worker-107] INFO  o.e.m.c.i.embedder.EclipseLogger - Copying 0 resource
2020-09-13 23:38:58,613 [Worker-106] WARN  o.e.m.c.i.embedder.EclipseLogger - Using platform encoding (Cp1252 actually) to copy filtered resources, i.e. build is platform dependent!
2020-09-13 23:38:58,628 [Worker-106] INFO  o.e.m.c.i.embedder.EclipseLogger - Copying 0 resource
2020-09-13 23:38:58,647 [Worker-106] WARN  o.e.m.c.i.embedder.EclipseLogger - Using platform encoding (Cp1252 actually) to copy filtered resources, i.e. build is platform dependent!
2020-09-13 23:38:58,675 [Worker-106] INFO  o.e.m.c.i.embedder.EclipseLogger - Copying 0 resource
2020-09-13 23:39:07,515 [Worker-111] WARN  o.e.m.c.i.embedder.EclipseLogger - Using platform encoding (Cp1252 actually) to copy filtered resources, i.e. build is platform dependent!
2020-09-13 23:39:07,532 [Worker-111] INFO  o.e.m.c.i.embedder.EclipseLogger - Copying 0 resource
2020-09-13 23:39:07,548 [Worker-111] WARN  o.e.m.c.i.embedder.EclipseLogger - Using platform encoding (Cp1252 actually) to copy filtered resources, i.e. build is platform dependent!
2020-09-13 23:39:07,574 [Worker-111] INFO  o.e.m.c.i.embedder.EclipseLogger - Copying 0 resource
2020-09-13 23:39:14,181 [Worker-107] WARN  o.e.m.c.i.embedder.EclipseLogger - Using platform encoding (Cp1252 actually) to copy filtered resources, i.e. build is platform dependent!
2020-09-13 23:39:14,201 [Worker-107] INFO  o.e.m.c.i.embedder.EclipseLogger - Copying 0 resource
2020-09-13 23:39:14,216 [Worker-107] WARN  o.e.m.c.i.embedder.EclipseLogger - Using platform encoding (Cp1252 actually) to copy filtered resources, i.e. build is platform dependent!
2020-09-13 23:39:14,242 [Worker-107] INFO  o.e.m.c.i.embedder.EclipseLogger - Copying 0 resource
2020-09-13 23:39:57,310 [Worker-106] WARN  o.e.m.c.i.embedder.EclipseLogger - Using platform encoding (Cp1252 actually) to copy filtered resources, i.e. build is platform dependent!
2020-09-13 23:39:57,344 [Worker-106] INFO  o.e.m.c.i.embedder.EclipseLogger - Copying 0 resource
2020-09-13 23:39:57,367 [Worker-106] WARN  o.e.m.c.i.embedder.EclipseLogger - Using platform encoding (Cp1252 actually) to copy filtered resources, i.e. build is platform dependent!
2020-09-13 23:39:57,436 [Worker-106] INFO  o.e.m.c.i.embedder.EclipseLogger - Copying 0 resource
2020-09-13 23:40:30,336 [Worker-111] WARN  o.e.m.c.i.embedder.EclipseLogger - Using platform encoding (Cp1252 actually) to copy filtered resources, i.e. build is platform dependent!
2020-09-13 23:40:30,351 [Worker-111] INFO  o.e.m.c.i.embedder.EclipseLogger - Copying 0 resource
2020-09-13 23:40:30,364 [Worker-111] WARN  o.e.m.c.i.embedder.EclipseLogger - Using platform encoding (Cp1252 actually) to copy filtered resources, i.e. build is platform dependent!
2020-09-13 23:40:30,392 [Worker-111] INFO  o.e.m.c.i.embedder.EclipseLogger - Copying 0 resource
2020-09-13 23:40:34,483 [Worker-103] WARN  o.e.m.c.i.embedder.EclipseLogger - Using platform encoding (Cp1252 actually) to copy filtered resources, i.e. build is platform dependent!
2020-09-13 23:40:34,498 [Worker-103] INFO  o.e.m.c.i.embedder.EclipseLogger - Copying 0 resource
2020-09-13 23:40:34,512 [Worker-103] WARN  o.e.m.c.i.embedder.EclipseLogger - Using platform encoding (Cp1252 actually) to copy filtered resources, i.e. build is platform dependent!
2020-09-13 23:40:34,534 [Worker-103] INFO  o.e.m.c.i.embedder.EclipseLogger - Copying 0 resource
2020-09-13 23:41:15,420 [Worker-111] WARN  o.e.m.c.i.embedder.EclipseLogger - Using platform encoding (Cp1252 actually) to copy filtered resources, i.e. build is platform dependent!
2020-09-13 23:41:15,461 [Worker-111] INFO  o.e.m.c.i.embedder.EclipseLogger - Copying 0 resource
2020-09-13 23:41:15,481 [Worker-111] WARN  o.e.m.c.i.embedder.EclipseLogger - Using platform encoding (Cp1252 actually) to copy filtered resources, i.e. build is platform dependent!
2020-09-13 23:41:15,532 [Worker-111] INFO  o.e.m.c.i.embedder.EclipseLogger - Copying 0 resource
2020-09-13 23:41:35,044 [Worker-109] WARN  o.e.m.c.i.embedder.EclipseLogger - Using platform encoding (Cp1252 actually) to copy filtered resources, i.e. build is platform dependent!
2020-09-13 23:41:35,057 [Worker-109] INFO  o.e.m.c.i.embedder.EclipseLogger - Copying 0 resource
2020-09-13 23:41:35,066 [Worker-109] WARN  o.e.m.c.i.embedder.EclipseLogger - Using platform encoding (Cp1252 actually) to copy filtered resources, i.e. build is platform dependent!
2020-09-13 23:41:35,090 [Worker-109] INFO  o.e.m.c.i.embedder.EclipseLogger - Copying 0 resource
2020-09-13 23:42:32,929 [Worker-112] WARN  o.e.m.c.i.embedder.EclipseLogger - Using platform encoding (Cp1252 actually) to copy filtered resources, i.e. build is platform dependent!
2020-09-13 23:42:32,945 [Worker-112] INFO  o.e.m.c.i.embedder.EclipseLogger - Copying 0 resource
2020-09-13 23:42:32,961 [Worker-112] WARN  o.e.m.c.i.embedder.EclipseLogger - Using platform encoding (Cp1252 actually) to copy filtered resources, i.e. build is platform dependent!
2020-09-13 23:42:32,988 [Worker-112] INFO  o.e.m.c.i.embedder.EclipseLogger - Copying 0 resource
2020-09-13 23:43:33,542 [Worker-112] WARN  o.e.m.c.i.embedder.EclipseLogger - Using platform encoding (Cp1252 actually) to copy filtered resources, i.e. build is platform dependent!
2020-09-13 23:43:33,561 [Worker-112] INFO  o.e.m.c.i.embedder.EclipseLogger - Copying 0 resource
2020-09-13 23:43:33,572 [Worker-112] WARN  o.e.m.c.i.embedder.EclipseLogger - Using platform encoding (Cp1252 actually) to copy filtered resources, i.e. build is platform dependent!
2020-09-13 23:43:33,593 [Worker-112] INFO  o.e.m.c.i.embedder.EclipseLogger - Copying 0 resource
2020-09-13 23:44:20,803 [Worker-106] WARN  o.e.m.c.i.embedder.EclipseLogger - Using platform encoding (Cp1252 actually) to copy filtered resources, i.e. build is platform dependent!
2020-09-13 23:44:20,816 [Worker-106] INFO  o.e.m.c.i.embedder.EclipseLogger - Copying 0 resource
2020-09-13 23:44:20,827 [Worker-106] WARN  o.e.m.c.i.embedder.EclipseLogger - Using platform encoding (Cp1252 actually) to copy filtered resources, i.e. build is platform dependent!
2020-09-13 23:44:20,847 [Worker-106] INFO  o.e.m.c.i.embedder.EclipseLogger - Copying 0 resource
2020-09-13 23:44:48,440 [Worker-103] WARN  o.e.m.c.i.embedder.EclipseLogger - Using platform encoding (Cp1252 actually) to copy filtered resources, i.e. build is platform dependent!
2020-09-13 23:44:48,451 [Worker-103] INFO  o.e.m.c.i.embedder.EclipseLogger - Copying 0 resource
2020-09-13 23:44:48,461 [Worker-103] WARN  o.e.m.c.i.embedder.EclipseLogger - Using platform encoding (Cp1252 actually) to copy filtered resources, i.e. build is platform dependent!
2020-09-13 23:44:48,482 [Worker-103] INFO  o.e.m.c.i.embedder.EclipseLogger - Copying 0 resource
2020-09-13 23:45:42,595 [Worker-110] WARN  o.e.m.c.i.embedder.EclipseLogger - Using platform encoding (Cp1252 actually) to copy filtered resources, i.e. build is platform dependent!
2020-09-13 23:45:42,607 [Worker-110] INFO  o.e.m.c.i.embedder.EclipseLogger - Copying 0 resource
2020-09-13 23:45:42,618 [Worker-110] WARN  o.e.m.c.i.embedder.EclipseLogger - Using platform encoding (Cp1252 actually) to copy filtered resources, i.e. build is platform dependent!
2020-09-13 23:45:42,639 [Worker-110] INFO  o.e.m.c.i.embedder.EclipseLogger - Copying 0 resource
2020-09-13 23:46:04,210 [Worker-104] WARN  o.e.m.c.i.embedder.EclipseLogger - Using platform encoding (Cp1252 actually) to copy filtered resources, i.e. build is platform dependent!
2020-09-13 23:46:04,222 [Worker-104] INFO  o.e.m.c.i.embedder.EclipseLogger - Copying 0 resource
2020-09-13 23:46:04,233 [Worker-104] WARN  o.e.m.c.i.embedder.EclipseLogger - Using platform encoding (Cp1252 actually) to copy filtered resources, i.e. build is platform dependent!
2020-09-13 23:46:04,262 [Worker-104] INFO  o.e.m.c.i.embedder.EclipseLogger - Copying 0 resource
2020-09-13 23:46:51,881 [Worker-104] WARN  o.e.m.c.i.embedder.EclipseLogger - Using platform encoding (Cp1252 actually) to copy filtered resources, i.e. build is platform dependent!
2020-09-13 23:46:51,898 [Worker-104] INFO  o.e.m.c.i.embedder.EclipseLogger - Copying 0 resource
2020-09-13 23:46:51,910 [Worker-104] WARN  o.e.m.c.i.embedder.EclipseLogger - Using platform encoding (Cp1252 actually) to copy filtered resources, i.e. build is platform dependent!
2020-09-13 23:46:51,932 [Worker-104] INFO  o.e.m.c.i.embedder.EclipseLogger - Copying 0 resource
2020-09-13 23:47:01,750 [Worker-113] WARN  o.e.m.c.i.embedder.EclipseLogger - Using platform encoding (Cp1252 actually) to copy filtered resources, i.e. build is platform dependent!
2020-09-13 23:47:01,766 [Worker-113] INFO  o.e.m.c.i.embedder.EclipseLogger - Copying 0 resource
2020-09-13 23:47:01,779 [Worker-113] WARN  o.e.m.c.i.embedder.EclipseLogger - Using platform encoding (Cp1252 actually) to copy filtered resources, i.e. build is platform dependent!
2020-09-13 23:47:01,804 [Worker-113] INFO  o.e.m.c.i.embedder.EclipseLogger - Copying 0 resource
2020-09-13 23:47:38,576 [Worker-103] WARN  o.e.m.c.i.embedder.EclipseLogger - Using platform encoding (Cp1252 actually) to copy filtered resources, i.e. build is platform dependent!
2020-09-13 23:47:38,595 [Worker-103] INFO  o.e.m.c.i.embedder.EclipseLogger - Copying 0 resource
2020-09-13 23:47:38,609 [Worker-103] WARN  o.e.m.c.i.embedder.EclipseLogger - Using platform encoding (Cp1252 actually) to copy filtered resources, i.e. build is platform dependent!
2020-09-13 23:47:38,634 [Worker-103] INFO  o.e.m.c.i.embedder.EclipseLogger - Copying 0 resource
2020-09-13 23:48:01,184 [Worker-113] WARN  o.e.m.c.i.embedder.EclipseLogger - Using platform encoding (Cp1252 actually) to copy filtered resources, i.e. build is platform dependent!
2020-09-13 23:48:01,195 [Worker-113] INFO  o.e.m.c.i.embedder.EclipseLogger - Copying 0 resource
2020-09-13 23:48:01,205 [Worker-113] WARN  o.e.m.c.i.embedder.EclipseLogger - Using platform encoding (Cp1252 actually) to copy filtered resources, i.e. build is platform dependent!
2020-09-13 23:48:01,224 [Worker-113] INFO  o.e.m.c.i.embedder.EclipseLogger - Copying 0 resource
2020-09-13 23:49:47,474 [Worker-112] WARN  o.e.m.c.i.embedder.EclipseLogger - Using platform encoding (Cp1252 actually) to copy filtered resources, i.e. build is platform dependent!
2020-09-13 23:49:47,490 [Worker-112] INFO  o.e.m.c.i.embedder.EclipseLogger - Copying 0 resource
2020-09-13 23:49:47,508 [Worker-112] WARN  o.e.m.c.i.embedder.EclipseLogger - Using platform encoding (Cp1252 actually) to copy filtered resources, i.e. build is platform dependent!
2020-09-13 23:49:47,539 [Worker-112] INFO  o.e.m.c.i.embedder.EclipseLogger - Copying 0 resource
2020-09-13 23:49:53,888 [Worker-109] WARN  o.e.m.c.i.embedder.EclipseLogger - Using platform encoding (Cp1252 actually) to copy filtered resources, i.e. build is platform dependent!
2020-09-13 23:49:53,899 [Worker-109] INFO  o.e.m.c.i.embedder.EclipseLogger - Copying 0 resource
2020-09-13 23:49:53,908 [Worker-109] WARN  o.e.m.c.i.embedder.EclipseLogger - Using platform encoding (Cp1252 actually) to copy filtered resources, i.e. build is platform dependent!
2020-09-13 23:49:53,929 [Worker-109] INFO  o.e.m.c.i.embedder.EclipseLogger - Copying 0 resource
2020-09-13 23:50:39,259 [Worker-112] WARN  o.e.m.c.i.embedder.EclipseLogger - Using platform encoding (Cp1252 actually) to copy filtered resources, i.e. build is platform dependent!
2020-09-13 23:50:39,278 [Worker-112] INFO  o.e.m.c.i.embedder.EclipseLogger - Copying 0 resource
2020-09-13 23:50:39,287 [Worker-112] WARN  o.e.m.c.i.embedder.EclipseLogger - Using platform encoding (Cp1252 actually) to copy filtered resources, i.e. build is platform dependent!
2020-09-13 23:50:39,307 [Worker-112] INFO  o.e.m.c.i.embedder.EclipseLogger - Copying 0 resource
2020-09-13 23:50:47,985 [Worker-111] WARN  o.e.m.c.i.embedder.EclipseLogger - Using platform encoding (Cp1252 actually) to copy filtered resources, i.e. build is platform dependent!
2020-09-13 23:50:47,999 [Worker-111] INFO  o.e.m.c.i.embedder.EclipseLogger - Copying 0 resource
2020-09-13 23:50:48,011 [Worker-111] WARN  o.e.m.c.i.embedder.EclipseLogger - Using platform encoding (Cp1252 actually) to copy filtered resources, i.e. build is platform dependent!
2020-09-13 23:50:48,030 [Worker-111] INFO  o.e.m.c.i.embedder.EclipseLogger - Copying 0 resource
2020-09-13 23:50:55,044 [Worker-103] WARN  o.e.m.c.i.embedder.EclipseLogger - Using platform encoding (Cp1252 actually) to copy filtered resources, i.e. build is platform dependent!
2020-09-13 23:50:55,059 [Worker-103] INFO  o.e.m.c.i.embedder.EclipseLogger - Copying 0 resource
2020-09-13 23:50:55,073 [Worker-103] WARN  o.e.m.c.i.embedder.EclipseLogger - Using platform encoding (Cp1252 actually) to copy filtered resources, i.e. build is platform dependent!
2020-09-13 23:50:55,093 [Worker-103] INFO  o.e.m.c.i.embedder.EclipseLogger - Copying 0 resource
2020-09-13 23:52:33,577 [Worker-112] WARN  o.e.m.c.i.embedder.EclipseLogger - Using platform encoding (Cp1252 actually) to copy filtered resources, i.e. build is platform dependent!
2020-09-13 23:52:33,607 [Worker-112] INFO  o.e.m.c.i.embedder.EclipseLogger - Copying 0 resource
2020-09-13 23:52:33,625 [Worker-112] WARN  o.e.m.c.i.embedder.EclipseLogger - Using platform encoding (Cp1252 actually) to copy filtered resources, i.e. build is platform dependent!
2020-09-13 23:52:33,647 [Worker-112] INFO  o.e.m.c.i.embedder.EclipseLogger - Copying 0 resource
2020-09-13 23:52:40,484 [Worker-110] WARN  o.e.m.c.i.embedder.EclipseLogger - Using platform encoding (Cp1252 actually) to copy filtered resources, i.e. build is platform dependent!
2020-09-13 23:52:40,516 [Worker-110] INFO  o.e.m.c.i.embedder.EclipseLogger - Copying 0 resource
2020-09-13 23:52:40,539 [Worker-110] WARN  o.e.m.c.i.embedder.EclipseLogger - Using platform encoding (Cp1252 actually) to copy filtered resources, i.e. build is platform dependent!
2020-09-13 23:52:40,568 [Worker-110] INFO  o.e.m.c.i.embedder.EclipseLogger - Copying 0 resource
2020-09-13 23:53:50,032 [Worker-104] WARN  o.e.m.c.i.embedder.EclipseLogger - Using platform encoding (Cp1252 actually) to copy filtered resources, i.e. build is platform dependent!
2020-09-13 23:53:50,044 [Worker-104] INFO  o.e.m.c.i.embedder.EclipseLogger - Copying 0 resource
2020-09-13 23:53:50,055 [Worker-104] WARN  o.e.m.c.i.embedder.EclipseLogger - Using platform encoding (Cp1252 actually) to copy filtered resources, i.e. build is platform dependent!
2020-09-13 23:53:50,075 [Worker-104] INFO  o.e.m.c.i.embedder.EclipseLogger - Copying 0 resource
2020-09-13 23:53:57,783 [Worker-113] WARN  o.e.m.c.i.embedder.EclipseLogger - Using platform encoding (Cp1252 actually) to copy filtered resources, i.e. build is platform dependent!
2020-09-13 23:53:57,798 [Worker-113] INFO  o.e.m.c.i.embedder.EclipseLogger - Copying 0 resource
2020-09-13 23:53:57,812 [Worker-113] WARN  o.e.m.c.i.embedder.EclipseLogger - Using platform encoding (Cp1252 actually) to copy filtered resources, i.e. build is platform dependent!
2020-09-13 23:53:57,833 [Worker-113] INFO  o.e.m.c.i.embedder.EclipseLogger - Copying 0 resource
2020-09-13 23:54:15,136 [Worker-110] WARN  o.e.m.c.i.embedder.EclipseLogger - Using platform encoding (Cp1252 actually) to copy filtered resources, i.e. build is platform dependent!
2020-09-13 23:54:15,151 [Worker-110] INFO  o.e.m.c.i.embedder.EclipseLogger - Copying 0 resource
2020-09-13 23:54:15,169 [Worker-110] WARN  o.e.m.c.i.embedder.EclipseLogger - Using platform encoding (Cp1252 actually) to copy filtered resources, i.e. build is platform dependent!
2020-09-13 23:54:15,193 [Worker-110] INFO  o.e.m.c.i.embedder.EclipseLogger - Copying 0 resource
2020-09-13 23:55:18,685 [Worker-110] WARN  o.e.m.c.i.embedder.EclipseLogger - Using platform encoding (Cp1252 actually) to copy filtered resources, i.e. build is platform dependent!
2020-09-13 23:55:18,695 [Worker-110] INFO  o.e.m.c.i.embedder.EclipseLogger - Copying 0 resource
2020-09-13 23:55:18,706 [Worker-110] WARN  o.e.m.c.i.embedder.EclipseLogger - Using platform encoding (Cp1252 actually) to copy filtered resources, i.e. build is platform dependent!
2020-09-13 23:55:18,724 [Worker-110] INFO  o.e.m.c.i.embedder.EclipseLogger - Copying 0 resource
2020-09-13 23:56:16,487 [Worker-107] WARN  o.e.m.c.i.embedder.EclipseLogger - Using platform encoding (Cp1252 actually) to copy filtered resources, i.e. build is platform dependent!
2020-09-13 23:56:16,508 [Worker-107] INFO  o.e.m.c.i.embedder.EclipseLogger - Copying 0 resource
2020-09-13 23:56:16,525 [Worker-107] WARN  o.e.m.c.i.embedder.EclipseLogger - Using platform encoding (Cp1252 actually) to copy filtered resources, i.e. build is platform dependent!
2020-09-13 23:56:16,569 [Worker-107] INFO  o.e.m.c.i.embedder.EclipseLogger - Copying 0 resource
2020-09-13 23:58:11,299 [Worker-113] WARN  o.e.m.c.i.embedder.EclipseLogger - Using platform encoding (Cp1252 actually) to copy filtered resources, i.e. build is platform dependent!
2020-09-13 23:58:11,311 [Worker-113] INFO  o.e.m.c.i.embedder.EclipseLogger - Copying 0 resource
2020-09-13 23:58:11,322 [Worker-113] WARN  o.e.m.c.i.embedder.EclipseLogger - Using platform encoding (Cp1252 actually) to copy filtered resources, i.e. build is platform dependent!
2020-09-13 23:58:11,346 [Worker-113] INFO  o.e.m.c.i.embedder.EclipseLogger - Copying 0 resource
2020-09-13 23:58:49,136 [Worker-109] WARN  o.e.m.c.i.embedder.EclipseLogger - Using platform encoding (Cp1252 actually) to copy filtered resources, i.e. build is platform dependent!
2020-09-13 23:58:49,147 [Worker-109] INFO  o.e.m.c.i.embedder.EclipseLogger - Copying 0 resource
2020-09-13 23:58:49,157 [Worker-109] WARN  o.e.m.c.i.embedder.EclipseLogger - Using platform encoding (Cp1252 actually) to copy filtered resources, i.e. build is platform dependent!
2020-09-13 23:58:49,176 [Worker-109] INFO  o.e.m.c.i.embedder.EclipseLogger - Copying 0 resource
2020-09-13 23:59:46,105 [Worker-113] WARN  o.e.m.c.i.embedder.EclipseLogger - Using platform encoding (Cp1252 actually) to copy filtered resources, i.e. build is platform dependent!
2020-09-13 23:59:46,122 [Worker-113] INFO  o.e.m.c.i.embedder.EclipseLogger - Copying 0 resource
2020-09-13 23:59:46,136 [Worker-113] WARN  o.e.m.c.i.embedder.EclipseLogger - Using platform encoding (Cp1252 actually) to copy filtered resources, i.e. build is platform dependent!
2020-09-13 23:59:46,164 [Worker-113] INFO  o.e.m.c.i.embedder.EclipseLogger - Copying 0 resource
2020-09-14 00:00:25,693 [Worker-104] WARN  o.e.m.c.i.embedder.EclipseLogger - Using platform encoding (Cp1252 actually) to copy filtered resources, i.e. build is platform dependent!
2020-09-14 00:00:25,708 [Worker-104] INFO  o.e.m.c.i.embedder.EclipseLogger - Copying 0 resource
2020-09-14 00:00:25,720 [Worker-104] WARN  o.e.m.c.i.embedder.EclipseLogger - Using platform encoding (Cp1252 actually) to copy filtered resources, i.e. build is platform dependent!
2020-09-14 00:00:25,744 [Worker-104] INFO  o.e.m.c.i.embedder.EclipseLogger - Copying 0 resource
2020-09-14 00:01:01,156 [Worker-107] WARN  o.e.m.c.i.embedder.EclipseLogger - Using platform encoding (Cp1252 actually) to copy filtered resources, i.e. build is platform dependent!
2020-09-14 00:01:01,170 [Worker-107] INFO  o.e.m.c.i.embedder.EclipseLogger - Copying 0 resource
2020-09-14 00:01:01,182 [Worker-107] WARN  o.e.m.c.i.embedder.EclipseLogger - Using platform encoding (Cp1252 actually) to copy filtered resources, i.e. build is platform dependent!
2020-09-14 00:01:01,209 [Worker-107] INFO  o.e.m.c.i.embedder.EclipseLogger - Copying 0 resource
2020-09-14 00:02:35,307 [Worker-103] WARN  o.e.m.c.i.embedder.EclipseLogger - Using platform encoding (Cp1252 actually) to copy filtered resources, i.e. build is platform dependent!
2020-09-14 00:02:35,323 [Worker-103] INFO  o.e.m.c.i.embedder.EclipseLogger - Copying 0 resource
2020-09-14 00:02:35,337 [Worker-103] WARN  o.e.m.c.i.embedder.EclipseLogger - Using platform encoding (Cp1252 actually) to copy filtered resources, i.e. build is platform dependent!
2020-09-14 00:02:35,362 [Worker-103] INFO  o.e.m.c.i.embedder.EclipseLogger - Copying 0 resource
2020-09-14 00:03:24,795 [Worker-103] WARN  o.e.m.c.i.embedder.EclipseLogger - Using platform encoding (Cp1252 actually) to copy filtered resources, i.e. build is platform dependent!
2020-09-14 00:03:24,807 [Worker-103] INFO  o.e.m.c.i.embedder.EclipseLogger - Copying 0 resource
2020-09-14 00:03:24,817 [Worker-103] WARN  o.e.m.c.i.embedder.EclipseLogger - Using platform encoding (Cp1252 actually) to copy filtered resources, i.e. build is platform dependent!
2020-09-14 00:03:24,839 [Worker-103] INFO  o.e.m.c.i.embedder.EclipseLogger - Copying 0 resource
2020-09-14 00:05:18,644 [Worker-114] INFO  o.e.m.c.i.l.LifecycleMappingFactory - Using org.eclipse.m2e.jdt.JarLifecycleMapping lifecycle mapping for MavenProject: VendingMachineDemo:VendingMachineDemo:0.0.1-SNAPSHOT @ C:\Users\admin\VendingMachineWS\VendingMachineDemo\pom.xml.
2020-09-14 00:05:21,962 [Worker-114] WARN  o.e.m.c.i.embedder.EclipseLogger - Using platform encoding (Cp1252 actually) to copy filtered resources, i.e. build is platform dependent!
2020-09-14 00:05:21,985 [Worker-114] INFO  o.e.m.c.i.embedder.EclipseLogger - Copying 0 resource
2020-09-14 00:05:21,997 [Worker-114] WARN  o.e.m.c.i.embedder.EclipseLogger - Using platform encoding (Cp1252 actually) to copy filtered resources, i.e. build is platform dependent!
2020-09-14 00:05:22,015 [Worker-114] INFO  o.e.m.c.i.embedder.EclipseLogger - Copying 0 resource
2020-09-14 00:05:25,692 [Worker-114] INFO  o.e.m.c.i.l.LifecycleMappingFactory - Using org.eclipse.m2e.jdt.JarLifecycleMapping lifecycle mapping for MavenProject: VendingMachineDemo:VendingMachineDemo:0.0.1-SNAPSHOT @ C:\Users\admin\VendingMachineWS\VendingMachineDemo\pom.xml.
2020-09-14 00:05:26,787 [Worker-114] WARN  o.e.m.c.i.embedder.EclipseLogger - Using platform encoding (Cp1252 actually) to copy filtered resources, i.e. build is platform dependent!
2020-09-14 00:05:26,832 [Worker-114] INFO  o.e.m.c.i.embedder.EclipseLogger - Copying 0 resource
2020-09-14 00:05:26,851 [Worker-114] WARN  o.e.m.c.i.embedder.EclipseLogger - Using platform encoding (Cp1252 actually) to copy filtered resources, i.e. build is platform dependent!
2020-09-14 00:05:26,870 [Worker-114] INFO  o.e.m.c.i.embedder.EclipseLogger - Copying 0 resource
2020-09-14 00:07:25,120 [Worker-103] WARN  o.e.m.c.i.embedder.EclipseLogger - Using platform encoding (Cp1252 actually) to copy filtered resources, i.e. build is platform dependent!
2020-09-14 00:07:25,151 [Worker-103] INFO  o.e.m.c.i.embedder.EclipseLogger - Copying 0 resource
2020-09-14 00:07:25,153 [Worker-103] WARN  o.e.m.c.i.embedder.EclipseLogger - Using platform encoding (Cp1252 actually) to copy filtered resources, i.e. build is platform dependent!
2020-09-14 00:07:25,169 [Worker-103] INFO  o.e.m.c.i.embedder.EclipseLogger - Copying 0 resource
2020-09-14 00:07:40,967 [Worker-104] WARN  o.e.m.c.i.embedder.EclipseLogger - Using platform encoding (Cp1252 actually) to copy filtered resources, i.e. build is platform dependent!
2020-09-14 00:07:41,009 [Worker-104] INFO  o.e.m.c.i.embedder.EclipseLogger - Copying 0 resource
2020-09-14 00:07:41,024 [Worker-104] WARN  o.e.m.c.i.embedder.EclipseLogger - Using platform encoding (Cp1252 actually) to copy filtered resources, i.e. build is platform dependent!
2020-09-14 00:07:41,043 [Worker-104] INFO  o.e.m.c.i.embedder.EclipseLogger - Copying 0 resource
2020-09-14 00:08:35,527 [Worker-104] WARN  o.e.m.c.i.embedder.EclipseLogger - Using platform encoding (Cp1252 actually) to copy filtered resources, i.e. build is platform dependent!
2020-09-14 00:08:35,539 [Worker-104] INFO  o.e.m.c.i.embedder.EclipseLogger - Copying 0 resource
2020-09-14 00:08:35,540 [Worker-104] WARN  o.e.m.c.i.embedder.EclipseLogger - Using platform encoding (Cp1252 actually) to copy filtered resources, i.e. build is platform dependent!
2020-09-14 00:08:35,550 [Worker-104] INFO  o.e.m.c.i.embedder.EclipseLogger - Copying 0 resource
2020-09-14 00:09:05,723 [Worker-115] WARN  o.e.m.c.i.embedder.EclipseLogger - Using platform encoding (Cp1252 actually) to copy filtered resources, i.e. build is platform dependent!
2020-09-14 00:09:05,747 [Worker-115] INFO  o.e.m.c.i.embedder.EclipseLogger - Copying 0 resource
2020-09-14 00:09:05,761 [Worker-115] WARN  o.e.m.c.i.embedder.EclipseLogger - Using platform encoding (Cp1252 actually) to copy filtered resources, i.e. build is platform dependent!
2020-09-14 00:09:05,779 [Worker-115] INFO  o.e.m.c.i.embedder.EclipseLogger - Copying 0 resource
2020-09-14 00:09:08,292 [Worker-111] WARN  o.e.m.c.i.embedder.EclipseLogger - Using platform encoding (Cp1252 actually) to copy filtered resources, i.e. build is platform dependent!
2020-09-14 00:09:08,302 [Worker-111] INFO  o.e.m.c.i.embedder.EclipseLogger - Copying 0 resource
2020-09-14 00:09:08,304 [Worker-111] WARN  o.e.m.c.i.embedder.EclipseLogger - Using platform encoding (Cp1252 actually) to copy filtered resources, i.e. build is platform dependent!
2020-09-14 00:09:08,316 [Worker-111] INFO  o.e.m.c.i.embedder.EclipseLogger - Copying 0 resource
2020-09-14 00:09:33,946 [Worker-117] WARN  o.e.m.c.i.embedder.EclipseLogger - Using platform encoding (Cp1252 actually) to copy filtered resources, i.e. build is platform dependent!
2020-09-14 00:09:33,976 [Worker-117] INFO  o.e.m.c.i.embedder.EclipseLogger - Copying 0 resource
2020-09-14 00:09:33,996 [Worker-117] WARN  o.e.m.c.i.embedder.EclipseLogger - Using platform encoding (Cp1252 actually) to copy filtered resources, i.e. build is platform dependent!
2020-09-14 00:09:34,014 [Worker-117] INFO  o.e.m.c.i.embedder.EclipseLogger - Copying 0 resource
2020-09-14 00:10:06,132 [Worker-103] WARN  o.e.m.c.i.embedder.EclipseLogger - Using platform encoding (Cp1252 actually) to copy filtered resources, i.e. build is platform dependent!
2020-09-14 00:10:06,150 [Worker-103] INFO  o.e.m.c.i.embedder.EclipseLogger - Copying 0 resource
2020-09-14 00:10:06,156 [Worker-103] WARN  o.e.m.c.i.embedder.EclipseLogger - Using platform encoding (Cp1252 actually) to copy filtered resources, i.e. build is platform dependent!
2020-09-14 00:10:06,173 [Worker-103] INFO  o.e.m.c.i.embedder.EclipseLogger - Copying 0 resource
2020-09-14 00:10:24,245 [Worker-115] WARN  o.e.m.c.i.embedder.EclipseLogger - Using platform encoding (Cp1252 actually) to copy filtered resources, i.e. build is platform dependent!
2020-09-14 00:10:24,268 [Worker-115] INFO  o.e.m.c.i.embedder.EclipseLogger - Copying 0 resource
2020-09-14 00:10:24,279 [Worker-115] WARN  o.e.m.c.i.embedder.EclipseLogger - Using platform encoding (Cp1252 actually) to copy filtered resources, i.e. build is platform dependent!
2020-09-14 00:10:24,293 [Worker-115] INFO  o.e.m.c.i.embedder.EclipseLogger - Copying 0 resource
2020-09-14 00:10:47,095 [Worker-115] WARN  o.e.m.c.i.embedder.EclipseLogger - Using platform encoding (Cp1252 actually) to copy filtered resources, i.e. build is platform dependent!
2020-09-14 00:10:47,117 [Worker-115] INFO  o.e.m.c.i.embedder.EclipseLogger - Copying 0 resource
2020-09-14 00:10:47,119 [Worker-115] WARN  o.e.m.c.i.embedder.EclipseLogger - Using platform encoding (Cp1252 actually) to copy filtered resources, i.e. build is platform dependent!
2020-09-14 00:10:47,129 [Worker-115] INFO  o.e.m.c.i.embedder.EclipseLogger - Copying 0 resource
2020-09-14 00:10:52,265 [Worker-115] WARN  o.e.m.c.i.embedder.EclipseLogger - Using platform encoding (Cp1252 actually) to copy filtered resources, i.e. build is platform dependent!
2020-09-14 00:10:52,293 [Worker-115] INFO  o.e.m.c.i.embedder.EclipseLogger - Copying 0 resource
2020-09-14 00:10:52,307 [Worker-115] WARN  o.e.m.c.i.embedder.EclipseLogger - Using platform encoding (Cp1252 actually) to copy filtered resources, i.e. build is platform dependent!
2020-09-14 00:10:52,321 [Worker-115] INFO  o.e.m.c.i.embedder.EclipseLogger - Copying 0 resource
2020-09-14 00:11:40,988 [Worker-104] WARN  o.e.m.c.i.embedder.EclipseLogger - Using platform encoding (Cp1252 actually) to copy filtered resources, i.e. build is platform dependent!
2020-09-14 00:11:41,007 [Worker-104] INFO  o.e.m.c.i.embedder.EclipseLogger - Copying 0 resource
2020-09-14 00:11:41,008 [Worker-104] WARN  o.e.m.c.i.embedder.EclipseLogger - Using platform encoding (Cp1252 actually) to copy filtered resources, i.e. build is platform dependent!
2020-09-14 00:11:41,021 [Worker-104] INFO  o.e.m.c.i.embedder.EclipseLogger - Copying 0 resource
2020-09-14 00:11:47,028 [Worker-111] WARN  o.e.m.c.i.embedder.EclipseLogger - Using platform encoding (Cp1252 actually) to copy filtered resources, i.e. build is platform dependent!
2020-09-14 00:11:47,061 [Worker-111] INFO  o.e.m.c.i.embedder.EclipseLogger - Copying 0 resource
2020-09-14 00:11:47,072 [Worker-111] WARN  o.e.m.c.i.embedder.EclipseLogger - Using platform encoding (Cp1252 actually) to copy filtered resources, i.e. build is platform dependent!
2020-09-14 00:11:47,087 [Worker-111] INFO  o.e.m.c.i.embedder.EclipseLogger - Copying 0 resource
2020-09-14 00:11:59,926 [Worker-111] WARN  o.e.m.c.i.embedder.EclipseLogger - Using platform encoding (Cp1252 actually) to copy filtered resources, i.e. build is platform dependent!
2020-09-14 00:11:59,944 [Worker-111] INFO  o.e.m.c.i.embedder.EclipseLogger - Copying 0 resource
2020-09-14 00:11:59,945 [Worker-111] WARN  o.e.m.c.i.embedder.EclipseLogger - Using platform encoding (Cp1252 actually) to copy filtered resources, i.e. build is platform dependent!
2020-09-14 00:11:59,961 [Worker-111] INFO  o.e.m.c.i.embedder.EclipseLogger - Copying 0 resource
2020-09-14 00:13:03,599 [Worker-115] WARN  o.e.m.c.i.embedder.EclipseLogger - Using platform encoding (Cp1252 actually) to copy filtered resources, i.e. build is platform dependent!
2020-09-14 00:13:03,622 [Worker-115] INFO  o.e.m.c.i.embedder.EclipseLogger - Copying 0 resource
2020-09-14 00:13:03,635 [Worker-115] WARN  o.e.m.c.i.embedder.EclipseLogger - Using platform encoding (Cp1252 actually) to copy filtered resources, i.e. build is platform dependent!
2020-09-14 00:13:03,650 [Worker-115] INFO  o.e.m.c.i.embedder.EclipseLogger - Copying 0 resource
2020-09-14 00:14:57,968 [Worker-115] WARN  o.e.m.c.i.embedder.EclipseLogger - Using platform encoding (Cp1252 actually) to copy filtered resources, i.e. build is platform dependent!
2020-09-14 00:14:57,980 [Worker-115] INFO  o.e.m.c.i.embedder.EclipseLogger - Copying 0 resource
2020-09-14 00:14:57,983 [Worker-115] WARN  o.e.m.c.i.embedder.EclipseLogger - Using platform encoding (Cp1252 actually) to copy filtered resources, i.e. build is platform dependent!
2020-09-14 00:14:57,996 [Worker-115] INFO  o.e.m.c.i.embedder.EclipseLogger - Copying 0 resource
2020-09-14 00:17:22,794 [Worker-116] WARN  o.e.m.c.i.embedder.EclipseLogger - Using platform encoding (Cp1252 actually) to copy filtered resources, i.e. build is platform dependent!
2020-09-14 00:17:22,817 [Worker-116] INFO  o.e.m.c.i.embedder.EclipseLogger - Copying 0 resource
2020-09-14 00:17:22,830 [Worker-116] WARN  o.e.m.c.i.embedder.EclipseLogger - Using platform encoding (Cp1252 actually) to copy filtered resources, i.e. build is platform dependent!
2020-09-14 00:17:22,842 [Worker-116] INFO  o.e.m.c.i.embedder.EclipseLogger - Copying 0 resource
2020-09-14 00:17:42,409 [Worker-118] WARN  o.e.m.c.i.embedder.EclipseLogger - Using platform encoding (Cp1252 actually) to copy filtered resources, i.e. build is platform dependent!
2020-09-14 00:17:42,428 [Worker-118] INFO  o.e.m.c.i.embedder.EclipseLogger - Copying 0 resource
2020-09-14 00:17:42,431 [Worker-118] WARN  o.e.m.c.i.embedder.EclipseLogger - Using platform encoding (Cp1252 actually) to copy filtered resources, i.e. build is platform dependent!
2020-09-14 00:17:42,452 [Worker-118] INFO  o.e.m.c.i.embedder.EclipseLogger - Copying 0 resource
2020-09-14 00:17:47,505 [Worker-103] WARN  o.e.m.c.i.embedder.EclipseLogger - Using platform encoding (Cp1252 actually) to copy filtered resources, i.e. build is platform dependent!
2020-09-14 00:17:47,526 [Worker-103] INFO  o.e.m.c.i.embedder.EclipseLogger - Copying 0 resource
2020-09-14 00:17:47,538 [Worker-103] WARN  o.e.m.c.i.embedder.EclipseLogger - Using platform encoding (Cp1252 actually) to copy filtered resources, i.e. build is platform dependent!
2020-09-14 00:17:47,549 [Worker-103] INFO  o.e.m.c.i.embedder.EclipseLogger - Copying 0 resource
2020-09-14 00:19:18,176 [Worker-111] WARN  o.e.m.c.i.embedder.EclipseLogger - Using platform encoding (Cp1252 actually) to copy filtered resources, i.e. build is platform dependent!
2020-09-14 00:19:18,189 [Worker-111] INFO  o.e.m.c.i.embedder.EclipseLogger - Copying 0 resource
2020-09-14 00:19:18,193 [Worker-111] WARN  o.e.m.c.i.embedder.EclipseLogger - Using platform encoding (Cp1252 actually) to copy filtered resources, i.e. build is platform dependent!
2020-09-14 00:19:18,213 [Worker-111] INFO  o.e.m.c.i.embedder.EclipseLogger - Copying 0 resource
2020-09-14 00:21:28,474 [Worker-111] WARN  o.e.m.c.i.embedder.EclipseLogger - Using platform encoding (Cp1252 actually) to copy filtered resources, i.e. build is platform dependent!
2020-09-14 00:21:28,507 [Worker-111] INFO  o.e.m.c.i.embedder.EclipseLogger - Copying 0 resource
2020-09-14 00:21:28,516 [Worker-111] WARN  o.e.m.c.i.embedder.EclipseLogger - Using platform encoding (Cp1252 actually) to copy filtered resources, i.e. build is platform dependent!
2020-09-14 00:21:28,536 [Worker-111] INFO  o.e.m.c.i.embedder.EclipseLogger - Copying 0 resource
2020-09-14 00:22:02,483 [Worker-111] WARN  o.e.m.c.i.embedder.EclipseLogger - Using platform encoding (Cp1252 actually) to copy filtered resources, i.e. build is platform dependent!
2020-09-14 00:22:02,495 [Worker-111] INFO  o.e.m.c.i.embedder.EclipseLogger - Copying 0 resource
2020-09-14 00:22:02,496 [Worker-111] WARN  o.e.m.c.i.embedder.EclipseLogger - Using platform encoding (Cp1252 actually) to copy filtered resources, i.e. build is platform dependent!
2020-09-14 00:22:02,510 [Worker-111] INFO  o.e.m.c.i.embedder.EclipseLogger - Copying 0 resource
2020-09-14 00:23:18,576 [Worker-121] WARN  o.e.m.c.i.embedder.EclipseLogger - Using platform encoding (Cp1252 actually) to copy filtered resources, i.e. build is platform dependent!
2020-09-14 00:23:18,604 [Worker-121] INFO  o.e.m.c.i.embedder.EclipseLogger - Copying 0 resource
2020-09-14 00:23:18,618 [Worker-121] WARN  o.e.m.c.i.embedder.EclipseLogger - Using platform encoding (Cp1252 actually) to copy filtered resources, i.e. build is platform dependent!
2020-09-14 00:23:18,633 [Worker-121] INFO  o.e.m.c.i.embedder.EclipseLogger - Copying 0 resource
2020-09-14 00:24:27,043 [Worker-121] WARN  o.e.m.c.i.embedder.EclipseLogger - Using platform encoding (Cp1252 actually) to copy filtered resources, i.e. build is platform dependent!
2020-09-14 00:24:27,056 [Worker-121] INFO  o.e.m.c.i.embedder.EclipseLogger - Copying 0 resource
2020-09-14 00:24:27,057 [Worker-121] WARN  o.e.m.c.i.embedder.EclipseLogger - Using platform encoding (Cp1252 actually) to copy filtered resources, i.e. build is platform dependent!
2020-09-14 00:24:27,067 [Worker-121] INFO  o.e.m.c.i.embedder.EclipseLogger - Copying 0 resource
2020-09-14 00:26:34,657 [Worker-118] WARN  o.e.m.c.i.embedder.EclipseLogger - Using platform encoding (Cp1252 actually) to copy filtered resources, i.e. build is platform dependent!
2020-09-14 00:26:34,680 [Worker-118] INFO  o.e.m.c.i.embedder.EclipseLogger - Copying 0 resource
2020-09-14 00:26:34,689 [Worker-118] WARN  o.e.m.c.i.embedder.EclipseLogger - Using platform encoding (Cp1252 actually) to copy filtered resources, i.e. build is platform dependent!
2020-09-14 00:26:34,700 [Worker-118] INFO  o.e.m.c.i.embedder.EclipseLogger - Copying 0 resource
2020-09-14 00:26:46,160 [Worker-116] WARN  o.e.m.c.i.embedder.EclipseLogger - Using platform encoding (Cp1252 actually) to copy filtered resources, i.e. build is platform dependent!
2020-09-14 00:26:46,171 [Worker-116] INFO  o.e.m.c.i.embedder.EclipseLogger - Copying 0 resource
2020-09-14 00:26:46,173 [Worker-116] WARN  o.e.m.c.i.embedder.EclipseLogger - Using platform encoding (Cp1252 actually) to copy filtered resources, i.e. build is platform dependent!
2020-09-14 00:26:46,190 [Worker-116] INFO  o.e.m.c.i.embedder.EclipseLogger - Copying 0 resource
2020-09-14 00:28:04,306 [Worker-116] WARN  o.e.m.c.i.embedder.EclipseLogger - Using platform encoding (Cp1252 actually) to copy filtered resources, i.e. build is platform dependent!
2020-09-14 00:28:04,331 [Worker-116] INFO  o.e.m.c.i.embedder.EclipseLogger - Copying 0 resource
2020-09-14 00:28:04,345 [Worker-116] WARN  o.e.m.c.i.embedder.EclipseLogger - Using platform encoding (Cp1252 actually) to copy filtered resources, i.e. build is platform dependent!
2020-09-14 00:28:04,358 [Worker-116] INFO  o.e.m.c.i.embedder.EclipseLogger - Copying 0 resource
2020-09-14 10:15:41,535 [Worker-7] INFO  o.e.m.c.i.l.LifecycleMappingFactory - Using org.eclipse.m2e.jdt.JarLifecycleMapping lifecycle mapping for MavenProject: VendingMachineDemo:VendingMachineDemo:0.0.1-SNAPSHOT @ C:\Users\admin\VendingMachineWS\VendingMachineDemo\pom.xml.
2020-09-14 10:15:46,227 [Worker-7] WARN  o.e.m.c.i.embedder.EclipseLogger - Using platform encoding (Cp1252 actually) to copy filtered resources, i.e. build is platform dependent!
2020-09-14 10:15:46,276 [Worker-7] INFO  o.e.m.c.i.embedder.EclipseLogger - Copying 0 resource
2020-09-14 10:15:46,943 [Worker-7] WARN  o.e.m.c.i.embedder.EclipseLogger - Using platform encoding (Cp1252 actually) to copy filtered resources, i.e. build is platform dependent!
2020-09-14 10:15:46,947 [Worker-4] INFO  o.e.m.c.i.l.LifecycleMappingFactory - Using org.eclipse.m2e.jdt.JarLifecycleMapping lifecycle mapping for MavenProject: VendingMachineDemo:VendingMachineDemo:0.0.1-SNAPSHOT @ C:\Users\admin\VendingMachineWS\VendingMachineDemo\pom.xml.
2020-09-14 10:15:46,961 [Worker-7] INFO  o.e.m.c.i.embedder.EclipseLogger - Copying 0 resource
2020-09-14 10:15:48,611 [Worker-9] WARN  o.e.m.c.i.embedder.EclipseLogger - Using platform encoding (Cp1252 actually) to copy filtered resources, i.e. build is platform dependent!
2020-09-14 10:15:48,638 [Worker-9] INFO  o.e.m.c.i.embedder.EclipseLogger - Copying 0 resource
2020-09-14 10:15:48,640 [Worker-9] WARN  o.e.m.c.i.embedder.EclipseLogger - Using platform encoding (Cp1252 actually) to copy filtered resources, i.e. build is platform dependent!
2020-09-14 10:15:48,653 [Worker-9] INFO  o.e.m.c.i.embedder.EclipseLogger - Copying 0 resource
2020-09-14 10:16:47,663 [Worker-8] WARN  o.e.m.c.i.embedder.EclipseLogger - Using platform encoding (Cp1252 actually) to copy filtered resources, i.e. build is platform dependent!
2020-09-14 10:16:47,683 [Worker-8] INFO  o.e.m.c.i.embedder.EclipseLogger - Copying 0 resource
2020-09-14 10:16:47,686 [Worker-8] WARN  o.e.m.c.i.embedder.EclipseLogger - Using platform encoding (Cp1252 actually) to copy filtered resources, i.e. build is platform dependent!
2020-09-14 10:16:47,760 [Worker-8] INFO  o.e.m.c.i.embedder.EclipseLogger - Copying 0 resource
2020-09-14 10:20:31,949 [Worker-6] WARN  o.e.m.c.i.embedder.EclipseLogger - Using platform encoding (Cp1252 actually) to copy filtered resources, i.e. build is platform dependent!
2020-09-14 10:20:31,960 [Worker-6] INFO  o.e.m.c.i.embedder.EclipseLogger - Copying 0 resource
2020-09-14 10:20:31,970 [Worker-6] WARN  o.e.m.c.i.embedder.EclipseLogger - Using platform encoding (Cp1252 actually) to copy filtered resources, i.e. build is platform dependent!
2020-09-14 10:20:31,981 [Worker-6] INFO  o.e.m.c.i.embedder.EclipseLogger - Copying 0 resource
2020-09-14 10:21:25,697 [Worker-6] WARN  o.e.m.c.i.embedder.EclipseLogger - Using platform encoding (Cp1252 actually) to copy filtered resources, i.e. build is platform dependent!
2020-09-14 10:21:25,712 [Worker-6] INFO  o.e.m.c.i.embedder.EclipseLogger - Copying 0 resource
2020-09-14 10:21:25,725 [Worker-6] WARN  o.e.m.c.i.embedder.EclipseLogger - Using platform encoding (Cp1252 actually) to copy filtered resources, i.e. build is platform dependent!
2020-09-14 10:21:25,752 [Worker-6] INFO  o.e.m.c.i.embedder.EclipseLogger - Copying 0 resource
2020-09-14 10:21:50,877 [Worker-8] WARN  o.e.m.c.i.embedder.EclipseLogger - Using platform encoding (Cp1252 actually) to copy filtered resources, i.e. build is platform dependent!
2020-09-14 10:21:50,959 [Worker-8] INFO  o.e.m.c.i.embedder.EclipseLogger - Copying 0 resource
2020-09-14 10:21:50,971 [Worker-8] WARN  o.e.m.c.i.embedder.EclipseLogger - Using platform encoding (Cp1252 actually) to copy filtered resources, i.e. build is platform dependent!
2020-09-14 10:21:50,999 [Worker-8] INFO  o.e.m.c.i.embedder.EclipseLogger - Copying 0 resource
2020-09-14 10:34:32,570 [Worker-31] WARN  o.e.m.c.i.embedder.EclipseLogger - Using platform encoding (Cp1252 actually) to copy filtered resources, i.e. build is platform dependent!
2020-09-14 10:34:32,583 [Worker-31] INFO  o.e.m.c.i.embedder.EclipseLogger - Copying 0 resource
2020-09-14 10:34:32,599 [Worker-31] WARN  o.e.m.c.i.embedder.EclipseLogger - Using platform encoding (Cp1252 actually) to copy filtered resources, i.e. build is platform dependent!
2020-09-14 10:34:32,626 [Worker-31] INFO  o.e.m.c.i.embedder.EclipseLogger - Copying 0 resource
2020-09-14 10:35:37,129 [Worker-27] WARN  o.e.m.c.i.embedder.EclipseLogger - Using platform encoding (Cp1252 actually) to copy filtered resources, i.e. build is platform dependent!
2020-09-14 10:35:37,142 [Worker-27] INFO  o.e.m.c.i.embedder.EclipseLogger - Copying 0 resource
2020-09-14 10:35:37,155 [Worker-27] WARN  o.e.m.c.i.embedder.EclipseLogger - Using platform encoding (Cp1252 actually) to copy filtered resources, i.e. build is platform dependent!
2020-09-14 10:35:37,175 [Worker-27] INFO  o.e.m.c.i.embedder.EclipseLogger - Copying 0 resource
2020-09-14 10:36:32,407 [Worker-23] WARN  o.e.m.c.i.embedder.EclipseLogger - Using platform encoding (Cp1252 actually) to copy filtered resources, i.e. build is platform dependent!
2020-09-14 10:36:32,419 [Worker-23] INFO  o.e.m.c.i.embedder.EclipseLogger - Copying 0 resource
2020-09-14 10:36:32,432 [Worker-23] WARN  o.e.m.c.i.embedder.EclipseLogger - Using platform encoding (Cp1252 actually) to copy filtered resources, i.e. build is platform dependent!
2020-09-14 10:36:32,452 [Worker-23] INFO  o.e.m.c.i.embedder.EclipseLogger - Copying 0 resource
2020-09-14 10:39:40,967 [Worker-29] WARN  o.e.m.c.i.embedder.EclipseLogger - Using platform encoding (Cp1252 actually) to copy filtered resources, i.e. build is platform dependent!
2020-09-14 10:39:40,988 [Worker-29] INFO  o.e.m.c.i.embedder.EclipseLogger - Copying 0 resource
2020-09-14 10:39:41,013 [Worker-29] WARN  o.e.m.c.i.embedder.EclipseLogger - Using platform encoding (Cp1252 actually) to copy filtered resources, i.e. build is platform dependent!
2020-09-14 10:39:41,038 [Worker-29] INFO  o.e.m.c.i.embedder.EclipseLogger - Copying 0 resource
2020-09-14 10:40:07,134 [Worker-23] WARN  o.e.m.c.i.embedder.EclipseLogger - Using platform encoding (Cp1252 actually) to copy filtered resources, i.e. build is platform dependent!
2020-09-14 10:40:07,289 [Worker-23] INFO  o.e.m.c.i.embedder.EclipseLogger - Copying 0 resource
2020-09-14 10:40:07,304 [Worker-23] WARN  o.e.m.c.i.embedder.EclipseLogger - Using platform encoding (Cp1252 actually) to copy filtered resources, i.e. build is platform dependent!
2020-09-14 10:40:07,339 [Worker-23] INFO  o.e.m.c.i.embedder.EclipseLogger - Copying 0 resource
2020-09-14 10:40:24,579 [Worker-33] WARN  o.e.m.c.i.embedder.EclipseLogger - Using platform encoding (Cp1252 actually) to copy filtered resources, i.e. build is platform dependent!
2020-09-14 10:40:24,640 [Worker-33] INFO  o.e.m.c.i.embedder.EclipseLogger - Copying 0 resource
2020-09-14 10:40:24,666 [Worker-33] WARN  o.e.m.c.i.embedder.EclipseLogger - Using platform encoding (Cp1252 actually) to copy filtered resources, i.e. build is platform dependent!
